Conversion Warnings Log


MSG_ID: 151 	MSG_TYPE: S 	MSG_NAME: MOTOR_DATA
	SIG_NAME: MOTOR_DATA_RPM, STATUS: Invalid Max or Min value., ACTION: Value Set to default

MSG_ID: 200 	MSG_TYPE: S 	MSG_NAME: SENSOR_DATA
	SIG_NAME: SENSOR_SONARS_left, STATUS: Invalid Max or Min value., ACTION: Value Set to default
	SIG_NAME: SENSOR_SONARS_mid, STATUS: Invalid Max or Min value., ACTION: Value Set to default
	SIG_NAME: SENSOR_SONARS_right, STATUS: Invalid Max or Min value., ACTION: Value Set to default
	SIG_NAME: SENSOR_IR_rear, STATUS: Invalid Max or Min value., ACTION: Value Set to default

MSG_ID: 302 	MSG_TYPE: S 	MSG_NAME: COMPASS
	SIG_NAME: CMP_DISTANCE, STATUS: Invalid Max or Min value., ACTION: Value Set to default

MSG_ID: 105 	MSG_TYPE: S 	MSG_NAME: SENSOR_DEBUG
	SIG_NAME: IO_DEBUG_CAN_init, STATUS: Invalid Max or Min value., ACTION: Value Set to default
	SIG_NAME: IO_DEBUG_sensor_init, STATUS: Invalid Max or Min value., ACTION: Value Set to default
	SIG_NAME: IO_DEBUG_sensor_data, STATUS: Invalid Max or Min value., ACTION: Value Set to default
	SIG_NAME: IO_DEBUG_bus_off, STATUS: Invalid Max or Min value., ACTION: Value Set to default

MSG_ID: 106 	MSG_TYPE: S 	MSG_NAME: MOTOR_DEBUG
	SIG_NAME: IO_DEBUG_CAN_init, STATUS: Invalid Max or Min value., ACTION: Value Set to default
	SIG_NAME: IO_DEBUG_bus_off, STATUS: Invalid Max or Min value., ACTION: Value Set to default
	SIG_NAME: IO_DEBUG_RPM, STATUS: Invalid Max or Min value., ACTION: Value Set to default

MSG_ID: 107 	MSG_TYPE: S 	MSG_NAME: DRIVER_DEBUG
	SIG_NAME: IO_DEBUG_CAN_init, STATUS: Invalid Max or Min value., ACTION: Value Set to default
	SIG_NAME: IO_DEBUG_bus_off, STATUS: Invalid Max or Min value., ACTION: Value Set to default
	SIG_NAME: IO_DEBUG_DRIVER, STATUS: Invalid Max or Min value., ACTION: Value Set to default

MSG_ID: 108 	MSG_TYPE: S 	MSG_NAME: GPS_DEBUG
	SIG_NAME: IO_DEBUG_CAN_init, STATUS: Invalid Max or Min value., ACTION: Value Set to default
	SIG_NAME: IO_DEBUG_bus_off, STATUS: Invalid Max or Min value., ACTION: Value Set to default
	SIG_NAME: IO_DEBUG_GPS, STATUS: Invalid Max or Min value., ACTION: Value Set to default
	SIG_NAME: IO_DEBUG_Compass, STATUS: Invalid Max or Min value., ACTION: Value Set to default

MSG_ID: 109 	MSG_TYPE: S 	MSG_NAME: BRIDGE_DEBUG
	SIG_NAME: IO_DEBUG_CAN_init, STATUS: Invalid Max or Min value., ACTION: Value Set to default
	SIG_NAME: IO_DEBUG_bus_off, STATUS: Invalid Max or Min value., ACTION: Value Set to default
	SIG_NAME: IO_DEBUG_Bridge, STATUS: Invalid Max or Min value., ACTION: Value Set to default
BA_DEF_DEF_ " "  : Match not Found in Param List
BA_DEF_DEF_ " "  : Match not Found in Param List
BA_DEF_DEF_ " 0;"  : Match not Found in Param List
